0 info it worked if it ends with ok
1 verbose cli [ 'node', '/usr/local/bin/npm', 'install', 'sorttable' ]
2 info using npm@1.4.28
3 info using node@v0.10.32
4 verbose cache add [ 'sorttable', null ]
5 verbose cache add name=undefined spec="sorttable" args=["sorttable",null]
6 verbose parsed url { protocol: null,
6 verbose parsed url   slashes: null,
6 verbose parsed url   auth: null,
6 verbose parsed url   host: null,
6 verbose parsed url   port: null,
6 verbose parsed url   hostname: null,
6 verbose parsed url   hash: null,
6 verbose parsed url   search: null,
6 verbose parsed url   query: null,
6 verbose parsed url   pathname: 'sorttable',
6 verbose parsed url   path: 'sorttable',
6 verbose parsed url   href: 'sorttable' }
7 silly lockFile 829fc2d4-sorttable sorttable
8 verbose lock sorttable /Users/sean/.npm/829fc2d4-sorttable.lock
9 silly lockFile 829fc2d4-sorttable sorttable
10 silly lockFile 829fc2d4-sorttable sorttable
11 verbose addNamed [ 'sorttable', '' ]
12 verbose addNamed [ null, '*' ]
13 silly lockFile 068f77bb-sorttable sorttable@
14 verbose lock sorttable@ /Users/sean/.npm/068f77bb-sorttable.lock
15 silly addNameRange { name: 'sorttable', range: '*', hasData: false }
16 verbose request where is /sorttable
17 verbose request registry https://registry.npmjs.org/
18 verbose request id 7784f92e34ea8688
19 verbose url raw /sorttable
20 verbose url resolving [ 'https://registry.npmjs.org/', './sorttable' ]
21 verbose url resolved https://registry.npmjs.org/sorttable
22 verbose request where is https://registry.npmjs.org/sorttable
23 info trying registry request attempt 1 at 13:05:56
24 http GET https://registry.npmjs.org/sorttable
25 http 404 https://registry.npmjs.org/sorttable
26 verbose headers { date: 'Sat, 28 Feb 2015 21:05:56 GMT',
26 verbose headers   server: 'CouchDB/1.5.0 (Erlang OTP/R16B03)',
26 verbose headers   'content-type': 'application/json',
26 verbose headers   'cache-control': 'max-age=0',
26 verbose headers   'content-length': '52',
26 verbose headers   'accept-ranges': 'bytes',
26 verbose headers   via: '1.1 varnish',
26 verbose headers   age: '0',
26 verbose headers   'x-served-by': 'cache-lax1420-LAX',
26 verbose headers   'x-cache': 'MISS',
26 verbose headers   'x-cache-hits': '0',
26 verbose headers   'x-timer': 'S1425157556.717446,VS0,VE73',
26 verbose headers   'keep-alive': 'timeout=10, max=50',
26 verbose headers   connection: 'Keep-Alive' }
27 silly registry.get cb [ 404,
27 silly registry.get   { date: 'Sat, 28 Feb 2015 21:05:56 GMT',
27 silly registry.get     server: 'CouchDB/1.5.0 (Erlang OTP/R16B03)',
27 silly registry.get     'content-type': 'application/json',
27 silly registry.get     'cache-control': 'max-age=0',
27 silly registry.get     'content-length': '52',
27 silly registry.get     'accept-ranges': 'bytes',
27 silly registry.get     via: '1.1 varnish',
27 silly registry.get     age: '0',
27 silly registry.get     'x-served-by': 'cache-lax1420-LAX',
27 silly registry.get     'x-cache': 'MISS',
27 silly registry.get     'x-cache-hits': '0',
27 silly registry.get     'x-timer': 'S1425157556.717446,VS0,VE73',
27 silly registry.get     'keep-alive': 'timeout=10, max=50',
27 silly registry.get     connection: 'Keep-Alive' } ]
28 silly lockFile 068f77bb-sorttable sorttable@
29 silly lockFile 068f77bb-sorttable sorttable@
30 error 404 404 Not Found: sorttable
30 error 404
30 error 404 'sorttable' is not in the npm registry.
30 error 404 You should bug the author to publish it
30 error 404
30 error 404 Note that you can also install from a
30 error 404 tarball, folder, or http url, or git url.
31 error System Darwin 14.0.0
32 error command "node" "/usr/local/bin/npm" "install" "sorttable"
33 error cwd /Users/sean/Documents/code/js_codechallenge
34 error node -v v0.10.32
35 error npm -v 1.4.28
36 error code E404
37 verbose exit [ 1, true ]
